<?xml version="1.0" encoding="UTF-8"?>
<testng-results ignored="0" total="2" passed="2" failed="0" skipped="0">
  <reporter-output>
  </reporter-output>
  <suite started-at="2026-05-03T14:53:55 IST" name="Suite" finished-at="2026-05-03T14:54:03 IST" duration-ms="7884">
    <groups>
    </groups>
    <test started-at="2026-05-03T14:53:55 IST" name="Test1" finished-at="2026-05-03T14:54:02 IST" duration-ms="7384">
      <class name="ThoughtWorks.SeleniumMarAir.testcase.HomePage">
        <test-method is-config="true" signature="LaunchSite()[pri:0, instance:ThoughtWorks.SeleniumMarAir.testcase.HomePage@38afe297]" started-at="2026-05-03T14:53:55 IST" name="LaunchSite" finished-at="2026-05-03T14:54:00 IST" duration-ms="5009" status="PASS">
          <reporter-output>
          </reporter-output>
        </test-method> <!-- LaunchSite -->
        <test-method signature="HomePageValidation()[pri:0, instance:ThoughtWorks.SeleniumMarAir.testcase.HomePage@38afe297]" started-at="2026-05-03T14:54:00 IST" name="HomePageValidation" finished-at="2026-05-03T14:54:02 IST" duration-ms="2091" status="PASS">
          <reporter-output>
          </reporter-output>
        </test-method> <!-- HomePageValidation -->
        <test-method is-config="true" signature="teardown(org.testng.ITestResult)[pri:0, instance:ThoughtWorks.SeleniumMarAir.testcase.HomePage@38afe297]" started-at="2026-05-03T14:54:02 IST" name="teardown" finished-at="2026-05-03T14:54:02 IST" duration-ms="19" status="PASS">
          <params>
            <param index="0">
              <value>
                <![CDATA[[TestResult name=HomePageValidation status=SUCCESS method=HomePage.HomePageValidation()[pri:0, instance:ThoughtWorks.SeleniumMarAir.testcase.HomePage@38afe297] output={null}]]]>
              </value>
            </param>
          </params>
          <reporter-output>
          </reporter-output>
        </test-method> <!-- teardown -->
        <test-method is-config="true" signature="Close()[pri:0, instance:ThoughtWorks.SeleniumMarAir.testcase.HomePage@38afe297]" started-at="2026-05-03T14:54:02 IST" name="Close" finished-at="2026-05-03T14:54:02 IST" duration-ms="230" status="PASS">
          <reporter-output>
          </reporter-output>
        </test-method> <!-- Close -->
      </class> <!-- ThoughtWorks.SeleniumMarAir.testcase.HomePage -->
    </test> <!-- Test1 -->
    <test started-at="2026-05-03T14:53:55 IST" name="Test" finished-at="2026-05-03T14:54:03 IST" duration-ms="7884">
      <class name="ThoughtWorks.SeleniumMarAir.testcase.ScheduleNotPossible">
        <test-method is-config="true" signature="LaunchSite()[pri:0, instance:ThoughtWorks.SeleniumMarAir.testcase.ScheduleNotPossible@5bda8e08]" started-at="2026-05-03T14:53:55 IST" name="LaunchSite" finished-at="2026-05-03T14:54:00 IST" duration-ms="4980" status="PASS">
          <reporter-output>
          </reporter-output>
        </test-method> <!-- LaunchSite -->
        <test-method signature="HomePageValidation()[pri:0, instance:ThoughtWorks.SeleniumMarAir.testcase.ScheduleNotPossible@5bda8e08]" started-at="2026-05-03T14:54:00 IST" name="HomePageValidation" finished-at="2026-05-03T14:54:03 IST" duration-ms="2616" status="PASS">
          <reporter-output>
          </reporter-output>
        </test-method> <!-- HomePageValidation -->
        <test-method is-config="true" signature="teardown(org.testng.ITestResult)[pri:0, instance:ThoughtWorks.SeleniumMarAir.testcase.ScheduleNotPossible@5bda8e08]" started-at="2026-05-03T14:54:03 IST" name="teardown" finished-at="2026-05-03T14:54:03 IST" duration-ms="0" status="PASS">
          <params>
            <param index="0">
              <value>
                <![CDATA[[TestResult name=HomePageValidation status=SUCCESS method=ScheduleNotPossible.HomePageValidation()[pri:0, instance:ThoughtWorks.SeleniumMarAir.testcase.ScheduleNotPossible@5bda8e08] output={null}]]]>
              </value>
            </param>
          </params>
          <reporter-output>
          </reporter-output>
        </test-method> <!-- teardown -->
        <test-method is-config="true" signature="Close()[pri:0, instance:ThoughtWorks.SeleniumMarAir.testcase.ScheduleNotPossible@5bda8e08]" started-at="2026-05-03T14:54:03 IST" name="Close" finished-at="2026-05-03T14:54:03 IST" duration-ms="236" status="PASS">
          <reporter-output>
          </reporter-output>
        </test-method> <!-- Close -->
      </class> <!-- ThoughtWorks.SeleniumMarAir.testcase.ScheduleNotPossible -->
    </test> <!-- Test -->
  </suite> <!-- Suite -->
</testng-results>
